<?xml version="1.0" encoding="UTF-8"?>
<!-- Generated by org.testng.reporters.JUnitXMLReporter -->
<testsuite ignored="0" hostname="LPwO90mNmS" failures="0" tests="3" name="Default test" time="3.257" errors="0" timestamp="16 Dec 2021 21:57:37 GMT">
  <testcase classname="dataDrivenTesting.DataDrivenTest_AddNewEmployees" name="postAddNewEmployees" time="2.082"/>
  <testcase classname="dataDrivenTesting.DataDrivenTest_AddNewEmployees" name="postAddNewEmployees" time="0.543"/>
  <testcase classname="dataDrivenTesting.DataDrivenTest_AddNewEmployees" name="postAddNewEmployees" time="0.6"/>
</testsuite> <!-- Default test -->
