<?xml version="1.0" encoding="UTF-8"?>
<!-- Generated by org.testng.reporters.JUnitXMLReporter -->
<testsuite ignored="4" hostname="LPwO90mNmS" failures="0" tests="1" name="Default test" time="2.504" errors="0" timestamp="09 Dec 2021 20:45:36 GMT">
  <testcase classname="TC001_Demo1_Get_City" name="TestMoscow" time="2.468"/>
  <testcase classname="TC001_Demo1_Get_City" name="GetDemo" time="0.0">
    <ignored/>
  </testcase> <!-- GetDemo -->
  <testcase classname="TC001_Demo1_Get_City" name="RegisterPostMethod" time="0.0">
    <ignored/>
  </testcase> <!-- RegisterPostMethod -->
  <testcase classname="TC001_Demo1_Get_City" name="getCityData" time="0.0">
    <ignored/>
  </testcase> <!-- getCityData -->
  <testcase classname="TC001_Demo1_Get_City" name="getCityNegative" time="0.0">
    <ignored/>
  </testcase> <!-- getCityNegative -->
</testsuite> <!-- Default test -->
