<?xml version="1.0" encoding="UTF-8"?>
<testng-results ignored="0" total="1" passed="1" failed="0" skipped="0">
  <reporter-output>
  </reporter-output>
  <suite started-at="2021-12-06T21:07:53Z" name="Default suite" finished-at="2021-12-06T21:07:54Z" duration-ms="1815">
    <groups>
    </groups>
    <test started-at="2021-12-06T21:07:53Z" name="Default test" finished-at="2021-12-06T21:07:54Z" duration-ms="1815">
      <class name="TC002_Get_Request">
        <test-method signature="googleMapTest()[pri:1, instance:TC002_Get_Request@282cb7c7]" started-at="2021-12-06T21:07:53Z" name="googleMapTest" finished-at="2021-12-06T21:07:54Z" duration-ms="1790" status="PASS">
          <reporter-output>
          </reporter-output>
        </test-method> <!-- googleMapTest -->
      </class> <!-- TC002_Get_Request -->
    </test> <!-- Default test -->
  </suite> <!-- Default suite -->
</testng-results>
