<?xml version="1.0" encoding="UTF-8"?>
<testng-results ignored="1" total="2" passed="1" failed="0" skipped="0">
  <reporter-output>
  </reporter-output>
  <suite started-at="2021-12-01T23:33:09Z" name="Default suite" finished-at="2021-12-01T23:33:11Z" duration-ms="1794">
    <groups>
    </groups>
    <test started-at="2021-12-01T23:33:09Z" name="Default test" finished-at="2021-12-01T23:33:11Z" duration-ms="1794">
      <class name="TC001_Demo1_Get_City">
        <test-method signature="getCityNegative()[pri:2, instance:TC001_Demo1_Get_City@7d898981]" started-at="2021-12-01T23:33:09Z" name="getCityNegative" finished-at="2021-12-01T23:33:11Z" duration-ms="1770" status="PASS">
          <reporter-output>
          </reporter-output>
        </test-method> <!-- getCityNegative -->
      </class> <!-- TC001_Demo1_Get_City -->
    </test> <!-- Default test -->
  </suite> <!-- Default suite -->
</testng-results>
